<?xml version="1.0" encoding="UTF-8"?>
<testsuite xmlns:xsi="http://www.w3.org/2001/XMLSchema-instance" xsi:schemaLocation="https://maven.apache.org/surefire/maven-surefire-plugin/xsd/surefire-test-report.xsd" name="runner.RunnerTest" time="7.125" tests="223" errors="0" skipped="0" failures="0">
  <properties>
[...]
</properties>
  <testcase name="Dado usuario gostaria de salvar um processo(Cenário: Usuario salva um processo via POST " classname="Dado usuario gostaria de salvar um processo(Cenário: Usuario salva um processo via POST (Com o uso de backgound))" time="0.001"/>
  <testcase name="E usuario informa vara com valor igual &quot;Rio de Janeiro&quot;(Cenário: Usuario salva um processo via POST " classname="E usuario informa vara com valor igual &quot;Rio de Janeiro&quot;(Cenário: Usuario salva um processo via POST (Com o uso de backgound))" time="0"/>
  <testcase name="E usuario informa numero_processo com valor igual &quot;50&quot;(Cenário: Usuario salva um processo via POST " classname="E usuario informa numero_processo com valor igual &quot;50&quot;(Cenário: Usuario salva um processo via POST (Com o uso de backgound))" time="0"/>
  <testcase name="E usuario informa natureza com valor igual &quot;Criminal&quot;(Cenário: Usuario salva um processo via POST " classname="E usuario informa natureza com valor igual &quot;Criminal&quot;(Cenário: Usuario salva um processo via POST (Com o uso de backgound))" time="0"/>
  <testcase name="E usuario informa partes com valor igual &quot;João X Maria&quot;(Cenário: Usuario salva um processo via POST " classname="E usuario informa partes com valor igual &quot;João X Maria&quot;(Cenário: Usuario salva um processo via POST (Com o uso de backgound))" time="0"/>
  <testcase name="E usuario informa urgente com valor igual &quot;N&quot;(Cenário: Usuario salva um processo via POST " classname="E usuario informa urgente com valor igual &quot;N&quot;(Cenário: Usuario salva um processo via POST (Com o uso de backgound))" time="0"/>
  <testcase name="E usuario informa arbitramento com valor igual &quot;S&quot;(Cenário: Usuario salva um processo via POST " classname="E usuario informa arbitramento com valor igual &quot;S&quot;(Cenário: Usuario salva um processo via POST (Com o uso de backgound))" time="0"/>
  <testcase name="E usuario informa assistente_social com valor igual &quot;Marcos&quot;(Cenário: Usuario salva um processo via POST " classname="E usuario informa assistente_social com valor igual &quot;Marcos&quot;(Cenário: Usuario salva um processo via POST (Com o uso de backgound))" time="0"/>
  <testcase name="E usuario informa data_entrada com valor igual &quot;2020-12-17&quot;(Cenário: Usuario salva um processo via POST " classname="E usuario informa data_entrada com valor igual &quot;2020-12-17&quot;(Cenário: Usuario salva um processo via POST (Com o uso de backgound))" time="0"/>
  <testcase name="E usuario informa data_saida com valor igual &quot;2021-01-02&quot;(Cenário: Usuario salva um processo via POST " classname="E usuario informa data_saida com valor igual &quot;2021-01-02&quot;(Cenário: Usuario salva um processo via POST (Com o uso de backgound))" time="0"/>
  <testcase name="E usuario informa data_agendamento com valor igual &quot;2020-12-20&quot;(Cenário: Usuario salva um processo via POST " classname="E usuario informa data_agendamento com valor igual &quot;2020-12-20&quot;(Cenário: Usuario salva um processo via POST (Com o uso de backgound))" time="0"/>
  <testcase name="E usuario informa status com valor igual &quot;Concluído&quot;(Cenário: Usuario salva um processo via POST " classname="E usuario informa status com valor igual &quot;Concluído&quot;(Cenário: Usuario salva um processo via POST (Com o uso de backgound))" time="0"/>
  <testcase name="E usuario informa observacao com valor igual &quot;Teste com o uso de backgound&quot;(Cenário: Usuario salva um processo via POST " classname="E usuario informa observacao com valor igual &quot;Teste com o uso de backgound&quot;(Cenário: Usuario salva um processo via POST (Com o uso de backgound))" time="0"/>
  <testcase name="Quando usuario clica em salvar(Cenário: Usuario salva um processo via POST " classname="Quando usuario clica em salvar(Cenário: Usuario salva um processo via POST (Com o uso de backgound))" time="0"/>
  <testcase name="Então usuario devera ver a mensagem de &quot;Salvo com sucesso&quot;(Cenário: Usuario salva um processo via POST " classname="Então usuario devera ver a mensagem de &quot;Salvo com sucesso&quot;(Cenário: Usuario salva um processo via POST (Com o uso de backgound))" time="0"/>
  <testcase name="Cenário: Usuario salva um processo via POST " classname="Com o uso de backgound" time="0"/>
  <testcase name="Dado usuario gostaria de salvar um processo(Cenário: Usuario salva um processo via POST " classname="Dado usuario gostaria de salvar um processo(Cenário: Usuario salva um processo via POST (Sem o uso de backgound))" time="0"/>
  <testcase name="Dado usuario gostaria de salvar um processo(Cenário: Usuario salva um processo via POST " classname="Dado usuario gostaria de salvar um processo(Cenário: Usuario salva um processo via POST (Sem o uso de backgound))" time="0"/>
  <testcase name="E usuario informa vara com valor igual &quot;Rio de Janeiro&quot;(Cenário: Usuario salva um processo via POST " classname="E usuario informa vara com valor igual &quot;Rio de Janeiro&quot;(Cenário: Usuario salva um processo via POST (Sem o uso de backgound))" time="0"/>
  <testcase name="E usuario informa vara com valor igual &quot;Rio de Janeiro&quot;(Cenário: Usuario salva um processo via POST " classname="E usuario informa vara com valor igual &quot;Rio de Janeiro&quot;(Cenário: Usuario salva um processo via POST (Sem o uso de backgound))" time="0"/>
  <testcase name="E usuario informa numero_processo com valor igual &quot;50&quot;(Cenário: Usuario salva um processo via POST " classname="E usuario informa numero_processo com valor igual &quot;50&quot;(Cenário: Usuario salva um processo via POST (Sem o uso de backgound))" time="0"/>
  <testcase name="E usuario informa numero_processo com valor igual &quot;50&quot;(Cenário: Usuario salva um processo via POST " classname="E usuario informa numero_processo com valor igual &quot;50&quot;(Cenário: Usuario salva um processo via POST (Sem o uso de backgound))" time="0"/>
  <testcase name="E usuario informa natureza com valor igual &quot;Criminal&quot;(Cenário: Usuario salva um processo via POST " classname="E usuario informa natureza com valor igual &quot;Criminal&quot;(Cenário: Usuario salva um processo via POST (Sem o uso de backgound))" time="0"/>
  <testcase name="E usuario informa natureza com valor igual &quot;Criminal&quot;(Cenário: Usuario salva um processo via POST " classname="E usuario informa natureza com valor igual &quot;Criminal&quot;(Cenário: Usuario salva um processo via POST (Sem o uso de backgound))" time="0"/>
  <testcase name="E usuario informa partes com valor igual &quot;João X Maria&quot;(Cenário: Usuario salva um processo via POST " classname="E usuario informa partes com valor igual &quot;João X Maria&quot;(Cenário: Usuario salva um processo via POST (Sem o uso de backgound))" time="0"/>
  <testcase name="E usuario informa partes com valor igual &quot;João X Maria&quot;(Cenário: Usuario salva um processo via POST " classname="E usuario informa partes com valor igual &quot;João X Maria&quot;(Cenário: Usuario salva um processo via POST (Sem o uso de backgound))" time="0"/>
  <testcase name="E usuario informa urgente com valor igual &quot;N&quot;(Cenário: Usuario salva um processo via POST " classname="E usuario informa urgente com valor igual &quot;N&quot;(Cenário: Usuario salva um processo via POST (Sem o uso de backgound))" time="0"/>
  <testcase name="E usuario informa urgente com valor igual &quot;N&quot;(Cenário: Usuario salva um processo via POST " classname="E usuario informa urgente com valor igual &quot;N&quot;(Cenário: Usuario salva um processo via POST (Sem o uso de backgound))" time="0"/>
  <testcase name="E usuario informa arbitramento com valor igual &quot;S&quot;(Cenário: Usuario salva um processo via POST " classname="E usuario informa arbitramento com valor igual &quot;S&quot;(Cenário: Usuario salva um processo via POST (Sem o uso de backgound))" time="0"/>
  <testcase name="E usuario informa arbitramento com valor igual &quot;S&quot;(Cenário: Usuario salva um processo via POST " classname="E usuario informa arbitramento com valor igual &quot;S&quot;(Cenário: Usuario salva um processo via POST (Sem o uso de backgound))" time="0"/>
  <testcase name="E usuario informa assistente_social com valor igual &quot;Marcos&quot;(Cenário: Usuario salva um processo via POST " classname="E usuario informa assistente_social com valor igual &quot;Marcos&quot;(Cenário: Usuario salva um processo via POST (Sem o uso de backgound))" time="0"/>
  <testcase name="E usuario informa assistente_social com valor igual &quot;Marcos&quot;(Cenário: Usuario salva um processo via POST " classname="E usuario informa assistente_social com valor igual &quot;Marcos&quot;(Cenário: Usuario salva um processo via POST (Sem o uso de backgound))" time="0"/>
  <testcase name="E usuario informa data_entrada com valor igual &quot;2020-12-17&quot;(Cenário: Usuario salva um processo via POST " classname="E usuario informa data_entrada com valor igual &quot;2020-12-17&quot;(Cenário: Usuario salva um processo via POST (Sem o uso de backgound))" time="0"/>
  <testcase name="E usuario informa data_entrada com valor igual &quot;2020-12-17&quot;(Cenário: Usuario salva um processo via POST " classname="E usuario informa data_entrada com valor igual &quot;2020-12-17&quot;(Cenário: Usuario salva um processo via POST (Sem o uso de backgound))" time="0"/>
  <testcase name="E usuario informa data_saida com valor igual &quot;2021-01-02&quot;(Cenário: Usuario salva um processo via POST " classname="E usuario informa data_saida com valor igual &quot;2021-01-02&quot;(Cenário: Usuario salva um processo via POST (Sem o uso de backgound))" time="0"/>
  <testcase name="E usuario informa data_saida com valor igual &quot;2021-01-02&quot;(Cenário: Usuario salva um processo via POST " classname="E usuario informa data_saida com valor igual &quot;2021-01-02&quot;(Cenário: Usuario salva um processo via POST (Sem o uso de backgound))" time="0"/>
  <testcase name="E usuario informa data_agendamento com valor igual &quot;2020-12-20&quot;(Cenário: Usuario salva um processo via POST " classname="E usuario informa data_agendamento com valor igual &quot;2020-12-20&quot;(Cenário: Usuario salva um processo via POST (Sem o uso de backgound))" time="0"/>
  <testcase name="E usuario informa data_agendamento com valor igual &quot;2020-12-20&quot;(Cenário: Usuario salva um processo via POST " classname="E usuario informa data_agendamento com valor igual &quot;2020-12-20&quot;(Cenário: Usuario salva um processo via POST (Sem o uso de backgound))" time="0"/>
  <testcase name="E usuario informa status com valor igual &quot;Concluído&quot;(Cenário: Usuario salva um processo via POST " classname="E usuario informa status com valor igual &quot;Concluído&quot;(Cenário: Usuario salva um processo via POST (Sem o uso de backgound))" time="0"/>
  <testcase name="E usuario informa status com valor igual &quot;Concluído&quot;(Cenário: Usuario salva um processo via POST " classname="E usuario informa status com valor igual &quot;Concluído&quot;(Cenário: Usuario salva um processo via POST (Sem o uso de backgound))" time="0"/>
  <testcase name="E usuario informa observacao com valor igual &quot;Teste com o uso de backgound&quot;(Cenário: Usuario salva um processo via POST " classname="E usuario informa observacao com valor igual &quot;Teste com o uso de backgound&quot;(Cenário: Usuario salva um processo via POST (Sem o uso de backgound))" time="0"/>
  <testcase name="E usuario informa observacao com valor igual &quot;Teste via POST sem o uso de background&quot;(Cenário: Usuario salva um processo via POST " classname="E usuario informa observacao com valor igual &quot;Teste via POST sem o uso de background&quot;(Cenário: Usuario salva um processo via POST (Sem o uso de backgound))" time="0"/>
  <testcase name="Quando usuario clica em salvar(Cenário: Usuario salva um processo via POST " classname="Quando usuario clica em salvar(Cenário: Usuario salva um processo via POST (Sem o uso de backgound))" time="0"/>
  <testcase name="Então usuario devera ver a mensagem de &quot;Salvo com sucesso&quot;(Cenário: Usuario salva um processo via POST " classname="Então usuario devera ver a mensagem de &quot;Salvo com sucesso&quot;(Cenário: Usuario salva um processo via POST (Sem o uso de backgound))" time="0"/>
  <testcase name="Cenário: Usuario salva um processo via POST " classname="Sem o uso de backgound" time="0"/>
  <testcase name="Dado usuario gostaria de salvar um processo" classname="Cenário: Usuario visualiza processo já criado via GET" time="0"/>
  <testcase name="E usuario informa vara com valor igual &quot;Rio de Janeiro&quot;" classname="Cenário: Usuario visualiza processo já criado via GET" time="0"/>
  <testcase name="E usuario informa numero_processo com valor igual &quot;50&quot;" classname="Cenário: Usuario visualiza processo já criado via GET" time="0"/>
  <testcase name="E usuario informa natureza com valor igual &quot;Criminal&quot;" classname="Cenário: Usuario visualiza processo já criado via GET" time="0"/>
  <testcase name="E usuario informa partes com valor igual &quot;João X Maria&quot;" classname="Cenário: Usuario visualiza processo já criado via GET" time="0"/>
  <testcase name="E usuario informa urgente com valor igual &quot;N&quot;" classname="Cenário: Usuario visualiza processo já criado via GET" time="0"/>
  <testcase name="E usuario informa arbitramento com valor igual &quot;S&quot;" classname="Cenário: Usuario visualiza processo já criado via GET" time="0"/>
  <testcase name="E usuario informa assistente_social com valor igual &quot;Marcos&quot;" classname="Cenário: Usuario visualiza processo já criado via GET" time="0"/>
  <testcase name="E usuario informa data_entrada com valor igual &quot;2020-12-17&quot;" classname="Cenário: Usuario visualiza processo já criado via GET" time="0"/>
  <testcase name="E usuario informa data_saida com valor igual &quot;2021-01-02&quot;" classname="Cenário: Usuario visualiza processo já criado via GET" time="0"/>
  <testcase name="E usuario informa data_agendamento com valor igual &quot;2020-12-20&quot;" classname="Cenário: Usuario visualiza processo já criado via GET" time="0"/>
  <testcase name="E usuario informa status com valor igual &quot;Concluído&quot;" classname="Cenário: Usuario visualiza processo já criado via GET" time="0"/>
  <testcase name="E usuario informa observacao com valor igual &quot;Teste com o uso de backgound&quot;" classname="Cenário: Usuario visualiza processo já criado via GET" time="0"/>
  <testcase name="Dado usuario deseja ver as informacoes do processo especifico &quot;2945&quot;" classname="Cenário: Usuario visualiza processo já criado via GET" time="0"/>
  <testcase name="Quando o usuario clicar em mostrar" classname="Cenário: Usuario visualiza processo já criado via GET" time="0"/>
  <testcase name="Então usuario devera ver a mensagem de &quot;Sucesso&quot;" classname="Cenário: Usuario visualiza processo já criado via GET" time="0"/>
  <testcase name="Cenário: Usuario visualiza processo já criado via GET" classname="Cenário: Usuario visualiza processo já criado via GET" time="0"/>
  <testcase name="Dado usuario gostaria de salvar um processo" classname="Cenário: Usuario visualiza processo via GET apos salvar o mesmo via POST" time="0"/>
  <testcase name="E usuario informa vara com valor igual &quot;Rio de Janeiro&quot;" classname="Cenário: Usuario visualiza processo via GET apos salvar o mesmo via POST" time="0"/>
  <testcase name="E usuario informa numero_processo com valor igual &quot;50&quot;" classname="Cenário: Usuario visualiza processo via GET apos salvar o mesmo via POST" time="0"/>
  <testcase name="E usuario informa natureza com valor igual &quot;Criminal&quot;" classname="Cenário: Usuario visualiza processo via GET apos salvar o mesmo via POST" time="0"/>
  <testcase name="E usuario informa partes com valor igual &quot;João X Maria&quot;" classname="Cenário: Usuario visualiza processo via GET apos salvar o mesmo via POST" time="0"/>
  <testcase name="E usuario informa urgente com valor igual &quot;N&quot;" classname="Cenário: Usuario visualiza processo via GET apos salvar o mesmo via POST" time="0"/>
  <testcase name="E usuario informa arbitramento com valor igual &quot;S&quot;" classname="Cenário: Usuario visualiza processo via GET apos salvar o mesmo via POST" time="0"/>
  <testcase name="E usuario informa arbitramento com valor igual &quot;S&quot;" classname="Cenário: Usuario visualiza processo via GET apos salvar o mesmo via POST" time="0"/>
  <testcase name="E usuario informa assistente_social com valor igual &quot;Marcos&quot;" classname="Cenário: Usuario visualiza processo via GET apos salvar o mesmo via POST" time="0"/>
  <testcase name="E usuario informa data_entrada com valor igual &quot;2020-12-17&quot;" classname="Cenário: Usuario visualiza processo via GET apos salvar o mesmo via POST" time="0"/>
  <testcase name="E usuario informa data_saida com valor igual &quot;2021-01-02&quot;" classname="Cenário: Usuario visualiza processo via GET apos salvar o mesmo via POST" time="0"/>
  <testcase name="E usuario informa data_agendamento com valor igual &quot;2020-12-20&quot;" classname="Cenário: Usuario visualiza processo via GET apos salvar o mesmo via POST" time="0"/>
  <testcase name="E usuario informa status com valor igual &quot;Concluído&quot;" classname="Cenário: Usuario visualiza processo via GET apos salvar o mesmo via POST" time="0"/>
  <testcase name="E usuario informa observacao com valor igual &quot;Teste com o uso de backgound&quot;" classname="Cenário: Usuario visualiza processo via GET apos salvar o mesmo via POST" time="0"/>
  <testcase name="Dado usuario deseja ver as informacoes do processo" classname="Cenário: Usuario visualiza processo via GET apos salvar o mesmo via POST" time="0"/>
  <testcase name="E usuario informa vara com valor igual &quot;Mato Grosso&quot;" classname="Cenário: Usuario visualiza processo via GET apos salvar o mesmo via POST" time="0"/>
  <testcase name="E usuario informa numero_processo com valor igual &quot;0113&quot;" classname="Cenário: Usuario visualiza processo via GET apos salvar o mesmo via POST" time="0"/>
  <testcase name="E usuario informa natureza com valor igual &quot;Cívil&quot;" classname="Cenário: Usuario visualiza processo via GET apos salvar o mesmo via POST" time="0"/>
  <testcase name="E usuario informa partes com valor igual &quot;Amelia X Jose&quot;" classname="Cenário: Usuario visualiza processo via GET apos salvar o mesmo via POST" time="0"/>
  <testcase name="E usuario informa urgente com valor igual &quot;S&quot;" classname="Cenário: Usuario visualiza processo via GET apos salvar o mesmo via POST" time="0"/>
  <testcase name="E usuario informa assistente_social com valor igual &quot;Erik&quot;" classname="Cenário: Usuario visualiza processo via GET apos salvar o mesmo via POST" time="0"/>
  <testcase name="E usuario informa data_entrada com valor igual &quot;2020-12-16&quot;" classname="Cenário: Usuario visualiza processo via GET apos salvar o mesmo via POST" time="0"/>
  <testcase name="E usuario informa data_saida com valor igual &quot;2021-03-02&quot;" classname="Cenário: Usuario visualiza processo via GET apos salvar o mesmo via POST" time="0"/>
  <testcase name="E usuario informa data_agendamento com valor igual &quot;2020-12-22&quot;" classname="Cenário: Usuario visualiza processo via GET apos salvar o mesmo via POST" time="0"/>
  <testcase name="E usuario informa status com valor igual &quot;Aguardando&quot;" classname="Cenário: Usuario visualiza processo via GET apos salvar o mesmo via POST" time="0"/>
  <testcase name="E usuario informa observacao com valor igual &quot;Teste via GET&quot;" classname="Cenário: Usuario visualiza processo via GET apos salvar o mesmo via POST" time="0"/>
  <testcase name="Quando usuario clica em salvar" classname="Cenário: Usuario visualiza processo via GET apos salvar o mesmo via POST" time="0"/>
  <testcase name="E usuario deseja ver as informacoes do processo" classname="Cenário: Usuario visualiza processo via GET apos salvar o mesmo via POST" time="0"/>
  <testcase name="Então usuario devera ver a mensagem de &quot;Sucesso&quot;" classname="Cenário: Usuario visualiza processo via GET apos salvar o mesmo via POST" time="0"/>
  <testcase name="E usuario devera ver partes com valor &quot;Amelia X Jose&quot;" classname="Cenário: Usuario visualiza processo via GET apos salvar o mesmo via POST" time="0"/>
  <testcase name="E usuario devera ver numero_processo com valor &quot;0113&quot;" classname="Cenário: Usuario visualiza processo via GET apos salvar o mesmo via POST" time="0"/>
  <testcase name="Cenário: Usuario visualiza processo via GET apos salvar o mesmo via POST" classname="Cenário: Usuario visualiza processo via GET apos salvar o mesmo via POST" time="0.001"/>
  <testcase name="Dado usuario gostaria de salvar um processo" classname="Cenário: Usuario atualiza um processo via PUT apos salvar o mesmo via POST" time="0"/>
  <testcase name="Dado usuario gostaria de salvar um processo" classname="Cenário: Usuario atualiza um processo via PUT apos salvar o mesmo via POST" time="0"/>
  <testcase name="E usuario informa vara com valor igual &quot;Rio de Janeiro&quot;" classname="Cenário: Usuario atualiza um processo via PUT apos salvar o mesmo via POST" time="0"/>
  <testcase name="E usuario informa numero_processo com valor igual &quot;50&quot;" classname="Cenário: Usuario atualiza um processo via PUT apos salvar o mesmo via POST" time="0"/>
  <testcase name="E usuario informa natureza com valor igual &quot;Criminal&quot;" classname="Cenário: Usuario atualiza um processo via PUT apos salvar o mesmo via POST" time="0"/>
  <testcase name="E usuario informa partes com valor igual &quot;João X Maria&quot;" classname="Cenário: Usuario atualiza um processo via PUT apos salvar o mesmo via POST" time="0"/>
  <testcase name="E usuario informa urgente com valor igual &quot;N&quot;" classname="Cenário: Usuario atualiza um processo via PUT apos salvar o mesmo via POST" time="0"/>
  <testcase name="E usuario informa urgente com valor igual &quot;N&quot;" classname="Cenário: Usuario atualiza um processo via PUT apos salvar o mesmo via POST" time="0"/>
  <testcase name="E usuario informa arbitramento com valor igual &quot;S&quot;" classname="Cenário: Usuario atualiza um processo via PUT apos salvar o mesmo via POST" time="0"/>
  <testcase name="E usuario informa arbitramento com valor igual &quot;S&quot;" classname="Cenário: Usuario atualiza um processo via PUT apos salvar o mesmo via POST" time="0"/>
  <testcase name="E usuario informa assistente_social com valor igual &quot;Marcos&quot;" classname="Cenário: Usuario atualiza um processo via PUT apos salvar o mesmo via POST" time="0"/>
  <testcase name="E usuario informa assistente_social com valor igual &quot;Marcos&quot;" classname="Cenário: Usuario atualiza um processo via PUT apos salvar o mesmo via POST" time="0"/>
  <testcase name="E usuario informa data_entrada com valor igual &quot;2020-12-17&quot;" classname="Cenário: Usuario atualiza um processo via PUT apos salvar o mesmo via POST" time="0"/>
  <testcase name="E usuario informa data_entrada com valor igual &quot;2020-12-17&quot;" classname="Cenário: Usuario atualiza um processo via PUT apos salvar o mesmo via POST" time="0"/>
  <testcase name="E usuario informa data_saida com valor igual &quot;2021-01-02&quot;" classname="Cenário: Usuario atualiza um processo via PUT apos salvar o mesmo via POST" time="0"/>
  <testcase name="E usuario informa data_agendamento com valor igual &quot;2020-12-20&quot;" classname="Cenário: Usuario atualiza um processo via PUT apos salvar o mesmo via POST" time="0"/>
  <testcase name="E usuario informa data_agendamento com valor igual &quot;2020-12-20&quot;" classname="Cenário: Usuario atualiza um processo via PUT apos salvar o mesmo via POST" time="0.001"/>
  <testcase name="E usuario informa status com valor igual &quot;Concluído&quot;" classname="Cenário: Usuario atualiza um processo via PUT apos salvar o mesmo via POST" time="0"/>
  <testcase name="E usuario informa status com valor igual &quot;Concluído&quot;" classname="Cenário: Usuario atualiza um processo via PUT apos salvar o mesmo via POST" time="0"/>
  <testcase name="E usuario informa observacao com valor igual &quot;Teste com o uso de backgound&quot;" classname="Cenário: Usuario atualiza um processo via PUT apos salvar o mesmo via POST" time="0"/>
  <testcase name="E usuario informa vara com valor igual &quot;Pernambuco&quot;" classname="Cenário: Usuario atualiza um processo via PUT apos salvar o mesmo via POST" time="0"/>
  <testcase name="E usuario informa numero_processo com valor igual &quot;0130&quot;" classname="Cenário: Usuario atualiza um processo via PUT apos salvar o mesmo via POST" time="0"/>
  <testcase name="E usuario informa numero_processo com valor igual &quot;0130&quot;" classname="Cenário: Usuario atualiza um processo via PUT apos salvar o mesmo via POST" time="0"/>
  <testcase name="E usuario informa natureza com valor igual &quot;Cívil&quot;" classname="Cenário: Usuario atualiza um processo via PUT apos salvar o mesmo via POST" time="0"/>
  <testcase name="E usuario informa natureza com valor igual &quot;Cívil&quot;" classname="Cenário: Usuario atualiza um processo via PUT apos salvar o mesmo via POST" time="0"/>
  <testcase name="E usuario informa partes com valor igual &quot;Silvia X Fabiano&quot;" classname="Cenário: Usuario atualiza um processo via PUT apos salvar o mesmo via POST" time="0"/>
  <testcase name="E usuario informa urgente com valor igual &quot;S&quot;" classname="Cenário: Usuario atualiza um processo via PUT apos salvar o mesmo via POST" time="0"/>
  <testcase name="E usuario informa arbitramento com valor igual &quot;N&quot;" classname="Cenário: Usuario atualiza um processo via PUT apos salvar o mesmo via POST" time="0"/>
  <testcase name="E usuario informa assistente_social com valor igual &quot;Francisco&quot;" classname="Cenário: Usuario atualiza um processo via PUT apos salvar o mesmo via POST" time="0"/>
  <testcase name="E usuario informa data_agendamento com valor igual &quot;2020-12-30&quot;" classname="Cenário: Usuario atualiza um processo via PUT apos salvar o mesmo via POST" time="0"/>
  <testcase name="E usuario informa status com valor igual &quot;Aguardando&quot;" classname="Cenário: Usuario atualiza um processo via PUT apos salvar o mesmo via POST" time="0"/>
  <testcase name="E usuario informa observacao com valor igual &quot;Teste via PUT&quot;" classname="Cenário: Usuario atualiza um processo via PUT apos salvar o mesmo via POST" time="0"/>
  <testcase name="Quando usuario clica em salvar" classname="Cenário: Usuario atualiza um processo via PUT apos salvar o mesmo via POST" time="0"/>
  <testcase name="E usuario informa vara com valor igual &quot;São Paulo&quot;" classname="Cenário: Usuario atualiza um processo via PUT apos salvar o mesmo via POST" time="0"/>
  <testcase name="E usuario informa partes com valor igual &quot;Thais X Felipe&quot;" classname="Cenário: Usuario atualiza um processo via PUT apos salvar o mesmo via POST" time="0"/>
  <testcase name="E usuario informa data_entrada com valor igual &quot;2020-12-15&quot;" classname="Cenário: Usuario atualiza um processo via PUT apos salvar o mesmo via POST" time="0"/>
  <testcase name="E usuario informa observacao com valor igual &quot;Teste via PUT OK&quot;" classname="Cenário: Usuario atualiza um processo via PUT apos salvar o mesmo via POST" time="0"/>
  <testcase name="E usuario clica no botao salvar novamente" classname="Cenário: Usuario atualiza um processo via PUT apos salvar o mesmo via POST" time="0"/>
  <testcase name="E usuario deseja ver as informacoes do processo" classname="Cenário: Usuario atualiza um processo via PUT apos salvar o mesmo via POST" time="0"/>
  <testcase name="Então usuario devera ver a mensagem de &quot;Sucesso&quot;" classname="Cenário: Usuario atualiza um processo via PUT apos salvar o mesmo via POST" time="0"/>
  <testcase name="E usuario devera ver numero_processo com valor &quot;0130&quot;" classname="Cenário: Usuario atualiza um processo via PUT apos salvar o mesmo via POST" time="0"/>
  <testcase name="Cenário: Usuario atualiza um processo via PUT apos salvar o mesmo via POST" classname="Cenário: Usuario atualiza um processo via PUT apos salvar o mesmo via POST" time="0"/>
  <testcase name="Dado usuario gostaria de salvar um processo" classname="Cenário: Usuario deleta um processo via DELETE apos salvar o mesmo via POST" time="0"/>
  <testcase name="Dado usuario gostaria de salvar um processo" classname="Cenário: Usuario deleta um processo via DELETE apos salvar o mesmo via POST" time="0"/>
  <testcase name="E usuario informa vara com valor igual &quot;Rio de Janeiro&quot;" classname="Cenário: Usuario deleta um processo via DELETE apos salvar o mesmo via POST" time="0"/>
  <testcase name="E usuario informa numero_processo com valor igual &quot;50&quot;" classname="Cenário: Usuario deleta um processo via DELETE apos salvar o mesmo via POST" time="0"/>
  <testcase name="E usuario informa natureza com valor igual &quot;Criminal&quot;" classname="Cenário: Usuario deleta um processo via DELETE apos salvar o mesmo via POST" time="0"/>
  <testcase name="E usuario informa natureza com valor igual &quot;Criminal&quot;" classname="Cenário: Usuario deleta um processo via DELETE apos salvar o mesmo via POST" time="0"/>
  <testcase name="E usuario informa partes com valor igual &quot;João X Maria&quot;" classname="Cenário: Usuario deleta um processo via DELETE apos salvar o mesmo via POST" time="0"/>
  <testcase name="E usuario informa urgente com valor igual &quot;N&quot;" classname="Cenário: Usuario deleta um processo via DELETE apos salvar o mesmo via POST" time="0"/>
  <testcase name="E usuario informa arbitramento com valor igual &quot;S&quot;" classname="Cenário: Usuario deleta um processo via DELETE apos salvar o mesmo via POST" time="0"/>
  <testcase name="E usuario informa assistente_social com valor igual &quot;Marcos&quot;" classname="Cenário: Usuario deleta um processo via DELETE apos salvar o mesmo via POST" time="0"/>
  <testcase name="E usuario informa data_entrada com valor igual &quot;2020-12-17&quot;" classname="Cenário: Usuario deleta um processo via DELETE apos salvar o mesmo via POST" time="0"/>
  <testcase name="E usuario informa data_saida com valor igual &quot;2021-01-02&quot;" classname="Cenário: Usuario deleta um processo via DELETE apos salvar o mesmo via POST" time="0"/>
  <testcase name="E usuario informa data_agendamento com valor igual &quot;2020-12-20&quot;" classname="Cenário: Usuario deleta um processo via DELETE apos salvar o mesmo via POST" time="0"/>
  <testcase name="E usuario informa status com valor igual &quot;Concluído&quot;" classname="Cenário: Usuario deleta um processo via DELETE apos salvar o mesmo via POST" time="0"/>
  <testcase name="E usuario informa status com valor igual &quot;Concluído&quot;" classname="Cenário: Usuario deleta um processo via DELETE apos salvar o mesmo via POST" time="0"/>
  <testcase name="E usuario informa observacao com valor igual &quot;Teste com o uso de backgound&quot;" classname="Cenário: Usuario deleta um processo via DELETE apos salvar o mesmo via POST" time="0"/>
  <testcase name="E usuario informa vara com valor igual &quot;São Carlos&quot;" classname="Cenário: Usuario deleta um processo via DELETE apos salvar o mesmo via POST" time="0"/>
  <testcase name="E usuario informa numero_processo com valor igual &quot;0212&quot;" classname="Cenário: Usuario deleta um processo via DELETE apos salvar o mesmo via POST" time="0"/>
  <testcase name="E usuario informa partes com valor igual &quot;Barbosa X Pachecho&quot;" classname="Cenário: Usuario deleta um processo via DELETE apos salvar o mesmo via POST" time="0"/>
  <testcase name="E usuario informa urgente com valor igual &quot;S&quot;" classname="Cenário: Usuario deleta um processo via DELETE apos salvar o mesmo via POST" time="0"/>
  <testcase name="E usuario informa arbitramento com valor igual &quot;N&quot;" classname="Cenário: Usuario deleta um processo via DELETE apos salvar o mesmo via POST" time="0"/>
  <testcase name="E usuario informa assistente_social com valor igual &quot;Da Silva&quot;" classname="Cenário: Usuario deleta um processo via DELETE apos salvar o mesmo via POST" time="0"/>
  <testcase name="E usuario informa data_entrada com valor igual &quot;2020-12-18&quot;" classname="Cenário: Usuario deleta um processo via DELETE apos salvar o mesmo via POST" time="0"/>
  <testcase name="E usuario informa data_agendamento com valor igual &quot;2020-12-25&quot;" classname="Cenário: Usuario deleta um processo via DELETE apos salvar o mesmo via POST" time="0"/>
  <testcase name="E usuario informa observacao com valor igual &quot;Teste DELETE&quot;" classname="Cenário: Usuario deleta um processo via DELETE apos salvar o mesmo via POST" time="0"/>
  <testcase name="Quando usuario clica em salvar" classname="Cenário: Usuario deleta um processo via DELETE apos salvar o mesmo via POST" time="0"/>
  <testcase name="E usuario clica no botao deletar" classname="Cenário: Usuario deleta um processo via DELETE apos salvar o mesmo via POST" time="0"/>
  <testcase name="Então usuario devera ver a mensagem de &quot;Sem conteudo&quot;" classname="Cenário: Usuario deleta um processo via DELETE apos salvar o mesmo via POST" time="0"/>
  <testcase name="Cenário: Usuario deleta um processo via DELETE apos salvar o mesmo via POST" classname="Cenário: Usuario deleta um processo via DELETE apos salvar o mesmo via POST" time="0"/>
  <testcase name="Dado usuario gostaria de salvar um processo" classname="| Paraiba | Salvo com sucesso |" time="0"/>
  <testcase name="Dado usuario gostaria de salvar um processo" classname="| Paraiba | Salvo com sucesso |" time="0"/>
  <testcase name="E usuario informa vara com valor igual &quot;Rio de Janeiro&quot;" classname="| Paraiba | Salvo com sucesso |" time="0"/>
  <testcase name="E usuario informa numero_processo com valor igual &quot;50&quot;" classname="| Paraiba | Salvo com sucesso |" time="0"/>
  <testcase name="E usuario informa natureza com valor igual &quot;Criminal&quot;" classname="| Paraiba | Salvo com sucesso |" time="0"/>
  <testcase name="E usuario informa natureza com valor igual &quot;Criminal&quot;" classname="| Paraiba | Salvo com sucesso |" time="0"/>
  <testcase name="E usuario informa partes com valor igual &quot;João X Maria&quot;" classname="| Paraiba | Salvo com sucesso |" time="0"/>
  <testcase name="E usuario informa urgente com valor igual &quot;N&quot;" classname="| Paraiba | Salvo com sucesso |" time="0"/>
  <testcase name="E usuario informa urgente com valor igual &quot;N&quot;" classname="| Paraiba | Salvo com sucesso |" time="0.001"/>
  <testcase name="E usuario informa arbitramento com valor igual &quot;S&quot;" classname="| Paraiba | Salvo com sucesso |" time="0"/>
  <testcase name="E usuario informa arbitramento com valor igual &quot;S&quot;" classname="| Paraiba | Salvo com sucesso |" time="0"/>
  <testcase name="E usuario informa assistente_social com valor igual &quot;Marcos&quot;" classname="| Paraiba | Salvo com sucesso |" time="0"/>
  <testcase name="E usuario informa data_entrada com valor igual &quot;2020-12-17&quot;" classname="| Paraiba | Salvo com sucesso |" time="0"/>
  <testcase name="E usuario informa data_entrada com valor igual &quot;2020-12-17&quot;" classname="| Paraiba | Salvo com sucesso |" time="0"/>
  <testcase name="E usuario informa data_saida com valor igual &quot;2021-01-02&quot;" classname="| Paraiba | Salvo com sucesso |" time="0"/>
  <testcase name="E usuario informa data_saida com valor igual &quot;2021-01-02&quot;" classname="| Paraiba | Salvo com sucesso |" time="0"/>
  <testcase name="E usuario informa data_agendamento com valor igual &quot;2020-12-20&quot;" classname="| Paraiba | Salvo com sucesso |" time="0"/>
  <testcase name="E usuario informa data_agendamento com valor igual &quot;2020-12-20&quot;" classname="| Paraiba | Salvo com sucesso |" time="0"/>
  <testcase name="E usuario informa status com valor igual &quot;Concluído&quot;" classname="| Paraiba | Salvo com sucesso |" time="0"/>
  <testcase name="E usuario informa status com valor igual &quot;Concluído&quot;" classname="| Paraiba | Salvo com sucesso |" time="0"/>
  <testcase name="E usuario informa observacao com valor igual &quot;Teste com o uso de backgound&quot;" classname="| Paraiba | Salvo com sucesso |" time="0"/>
  <testcase name="E usuario informa vara com valor igual &quot;Paraiba&quot;" classname="| Paraiba | Salvo com sucesso |" time="0"/>
  <testcase name="E usuario informa numero_processo com valor igual &quot;3122&quot;" classname="| Paraiba | Salvo com sucesso |" time="0"/>
  <testcase name="E usuario informa partes com valor igual &quot;Vanessa X Manoel&quot;" classname="| Paraiba | Salvo com sucesso |" time="0"/>
  <testcase name="E usuario informa assistente_social com valor igual &quot;Igor&quot;" classname="| Paraiba | Salvo com sucesso |" time="0"/>
  <testcase name="E usuario informa observacao com valor igual &quot;Validação de POST via Scenario Outline&quot;" classname="| Paraiba | Salvo com sucesso |" time="0"/>
  <testcase name="Quando usuario clica em salvar - scenario outline" classname="| Paraiba | Salvo com sucesso |" time="0.001"/>
  <testcase name="Então usuario devera ver a mensagem de &quot;Salvo com sucesso&quot;" classname="| Paraiba | Salvo com sucesso |" time="0"/>
  <testcase name="| Paraiba | Salvo com sucesso |" classname="| Paraiba | Salvo com sucesso |" time="0"/>
  <testcase name="Dado usuario gostaria de salvar um processo" classname="|  | Entidade nao processada |" time="0"/>
  <testcase name="Dado usuario gostaria de salvar um processo" classname="|  | Entidade nao processada |" time="0"/>
  <testcase name="E usuario informa vara com valor igual &quot;Rio de Janeiro&quot;" classname="|  | Entidade nao processada |" time="0"/>
  <testcase name="E usuario informa numero_processo com valor igual &quot;50&quot;" classname="|  | Entidade nao processada |" time="0"/>
  <testcase name="E usuario informa natureza com valor igual &quot;Criminal&quot;" classname="|  | Entidade nao processada |" time="0"/>
  <testcase name="E usuario informa natureza com valor igual &quot;Criminal&quot;" classname="|  | Entidade nao processada |" time="0"/>
  <testcase name="E usuario informa partes com valor igual &quot;João X Maria&quot;" classname="|  | Entidade nao processada |" time="0"/>
  <testcase name="E usuario informa urgente com valor igual &quot;N&quot;" classname="|  | Entidade nao processada |" time="0"/>
  <testcase name="E usuario informa urgente com valor igual &quot;N&quot;" classname="|  | Entidade nao processada |" time="0"/>
  <testcase name="E usuario informa arbitramento com valor igual &quot;S&quot;" classname="|  | Entidade nao processada |" time="0"/>
  <testcase name="E usuario informa arbitramento com valor igual &quot;S&quot;" classname="|  | Entidade nao processada |" time="0"/>
  <testcase name="E usuario informa assistente_social com valor igual &quot;Marcos&quot;" classname="|  | Entidade nao processada |" time="0"/>
  <testcase name="E usuario informa data_entrada com valor igual &quot;2020-12-17&quot;" classname="|  | Entidade nao processada |" time="0"/>
  <testcase name="E usuario informa data_entrada com valor igual &quot;2020-12-17&quot;" classname="|  | Entidade nao processada |" time="0"/>
  <testcase name="E usuario informa data_saida com valor igual &quot;2021-01-02&quot;" classname="|  | Entidade nao processada |" time="0"/>
  <testcase name="E usuario informa data_saida com valor igual &quot;2021-01-02&quot;" classname="|  | Entidade nao processada |" time="0"/>
  <testcase name="E usuario informa data_agendamento com valor igual &quot;2020-12-20&quot;" classname="|  | Entidade nao processada |" time="0"/>
  <testcase name="E usuario informa data_agendamento com valor igual &quot;2020-12-20&quot;" classname="|  | Entidade nao processada |" time="0"/>
  <testcase name="E usuario informa status com valor igual &quot;Concluído&quot;" classname="|  | Entidade nao processada |" time="0"/>
  <testcase name="E usuario informa status com valor igual &quot;Concluído&quot;" classname="|  | Entidade nao processada |" time="0"/>
  <testcase name="E usuario informa observacao com valor igual &quot;Teste com o uso de backgound&quot;" classname="|  | Entidade nao processada |" time="0"/>
  <testcase name="E usuario informa vara com valor igual &quot;&quot;" classname="|  | Entidade nao processada |" time="0"/>
  <testcase name="E usuario informa numero_processo com valor igual &quot;3122&quot;" classname="|  | Entidade nao processada |" time="0"/>
  <testcase name="E usuario informa partes com valor igual &quot;Vanessa X Manoel&quot;" classname="|  | Entidade nao processada |" time="0"/>
  <testcase name="E usuario informa assistente_social com valor igual &quot;Igor&quot;" classname="|  | Entidade nao processada |" time="0"/>
  <testcase name="E usuario informa observacao com valor igual &quot;Validação de POST via Scenario Outline&quot;" classname="|  | Entidade nao processada |" time="0"/>
  <testcase name="Quando usuario clica em salvar - scenario outline" classname="|  | Entidade nao processada |" time="0"/>
  <testcase name="Então usuario devera ver a mensagem de &quot;Entidade nao processada&quot;" classname="|  | Entidade nao processada |" time="0"/>
  <testcase name="|  | Entidade nao processada |" classname="|  | Entidade nao processada |" time="0"/>
</testsuite>